2021-09-20 19:07:47.159 - INFO - 5552 - azureml.automl.core.dataset_utilities._save_datasets_to_json:131 - JSON serialization of input of type <class 'NoneType'> is un-supported.
2021-09-20 19:07:47.177 - INFO - 5552 - azureml.automl.core.dataset_utilities._save_datasets_to_json:131 - JSON serialization of input of type <class 'NoneType'> is un-supported.
2021-09-20 19:07:47.186 - INFO - 5552 - azureml.train.automl._experiment_drivers.driver_utilities.validate_input:124 - Start data validation.
2021-09-20 19:07:47.254 - INFO - 5552 - azureml.train.automl._experiment_drivers.driver_utilities.validate_input:137 - Validation service found the data has no errors.
2021-09-20 19:34:08.964 - INFO - 5552 - azureml.automl.runtime.distributed.utilities.horovod_initialized:70 - Horovod not found in current environment. Distribution via Horovod will be disabled.
2021-09-20 19:34:11.736 - INFO - 5552 - azureml.automl.runtime.featurization.data_transformer.__init__:168 - Feature sweeping enabled: False
2021-09-20 19:34:11.737 - INFO - 5552 - azureml.automl.runtime.featurization.data_transformer.__init__:169 - Feature sweeping timeout: 86400
2021-09-20 19:34:48.697 - INFO - 5552 - azureml.automl.runtime.featurization.data_transformer._apply_transforms:503 - Starting to apply transforms. Total ram: 29450223616 bytes
2021-09-20 19:34:48.764 - INFO - 5552 - azureml.automl.runtime.featurization.data_transformer._apply_transforms:514 - Transform memory estimate: 0 bytes, Current available memory: 17800929280 bytes
2021-09-20 19:34:48.771 - INFO - 5552 - azureml.automl.runtime.featurization.data_transformer._apply_transforms:524 - SimpleImputer: Applying transform.
2021-09-20 19:34:48.778 - INFO - 5552 - azureml.automl.runtime.featurization.data_transformer._apply_transforms:538 - SimpleImputer: Finished applying transform. Shape (32950, 1)
2021-09-20 19:34:48.783 - INFO - 5552 - azureml.automl.runtime.featurization.data_transformer._apply_transforms:514 - Transform memory estimate: 0 bytes, Current available memory: 17800929280 bytes
2021-09-20 19:34:48.788 - INFO - 5552 - azureml.automl.runtime.featurization.data_transformer._apply_transforms:524 - SimpleImputer: Applying transform.
2021-09-20 19:34:48.794 - INFO - 5552 - azureml.automl.runtime.featurization.data_transformer._apply_transforms:538 - SimpleImputer: Finished applying transform. Shape (32950, 1)
2021-09-20 19:34:48.799 - INFO - 5552 - azureml.automl.runtime.featurization.data_transformer._apply_transforms:514 - Transform memory estimate: 0 bytes, Current available memory: 17800929280 bytes
2021-09-20 19:34:48.804 - INFO - 5552 - azureml.automl.runtime.featurization.data_transformer._apply_transforms:524 - SimpleImputer: Applying transform.
2021-09-20 19:34:48.810 - INFO - 5552 - azureml.automl.runtime.featurization.data_transformer._apply_transforms:538 - SimpleImputer: Finished applying transform. Shape (32950, 1)
2021-09-20 19:34:48.815 - INFO - 5552 - azureml.automl.runtime.featurization.data_transformer._apply_transforms:514 - Transform memory estimate: 0 bytes, Current available memory: 17800896512 bytes
2021-09-20 19:34:48.820 - INFO - 5552 - azureml.automl.runtime.featurization.data_transformer._apply_transforms:524 - SimpleImputer: Applying transform.
2021-09-20 19:34:48.826 - INFO - 5552 - azureml.automl.runtime.featurization.data_transformer._apply_transforms:538 - SimpleImputer: Finished applying transform. Shape (32950, 1)
2021-09-20 19:34:48.830 - INFO - 5552 - azureml.automl.runtime.featurization.data_transformer._apply_transforms:514 - Transform memory estimate: 0 bytes, Current available memory: 17800896512 bytes
2021-09-20 19:34:48.839 - INFO - 5552 - azureml.automl.runtime.featurization.data_transformer._apply_transforms:524 - SimpleImputer: Applying transform.
2021-09-20 19:34:48.846 - INFO - 5552 - azureml.automl.runtime.featurization.data_transformer._apply_transforms:538 - SimpleImputer: Finished applying transform. Shape (32950, 1)
2021-09-20 19:34:48.851 - INFO - 5552 - azureml.automl.runtime.featurization.data_transformer._apply_transforms:514 - Transform memory estimate: 0 bytes, Current available memory: 17800896512 bytes
2021-09-20 19:34:48.855 - INFO - 5552 - azureml.automl.runtime.featurization.data_transformer._apply_transforms:524 - SimpleImputer: Applying transform.
2021-09-20 19:34:48.857 - INFO - 5552 - azureml.automl.runtime.featurization.data_transformer._apply_transforms:538 - SimpleImputer: Finished applying transform. Shape (32950, 1)
2021-09-20 19:34:48.858 - INFO - 5552 - azureml.automl.runtime.featurization.data_transformer._apply_transforms:514 - Transform memory estimate: 0 bytes, Current available memory: 17800896512 bytes
2021-09-20 19:34:48.858 - INFO - 5552 - azureml.automl.runtime.featurization.data_transformer._apply_transforms:524 - SimpleImputer: Applying transform.
2021-09-20 19:34:48.860 - INFO - 5552 - azureml.automl.runtime.featurization.data_transformer._apply_transforms:538 - SimpleImputer: Finished applying transform. Shape (32950, 1)
2021-09-20 19:34:48.861 - INFO - 5552 - azureml.automl.runtime.featurization.data_transformer._apply_transforms:514 - Transform memory estimate: 0 bytes, Current available memory: 17800896512 bytes
2021-09-20 19:34:48.861 - INFO - 5552 - azureml.automl.runtime.featurization.data_transformer._apply_transforms:524 - StringCastTransformer,CountVectorizer: Applying transform.
2021-09-20 19:34:48.971 - INFO - 5552 - azureml.automl.runtime.featurization.data_transformer._apply_transforms:538 - StringCastTransformer,CountVectorizer: Finished applying transform. Shape (32950, 12)
2021-09-20 19:34:48.971 - INFO - 5552 - azureml.automl.runtime.featurization.data_transformer._apply_transforms:514 - Transform memory estimate: 0 bytes, Current available memory: 17799331840 bytes
2021-09-20 19:34:48.972 - INFO - 5552 - azureml.automl.runtime.featurization.data_transformer._apply_transforms:524 - StringCastTransformer,CountVectorizer: Applying transform.
2021-09-20 19:34:49.074 - INFO - 5552 - azureml.automl.runtime.featurization.data_transformer._apply_transforms:538 - StringCastTransformer,CountVectorizer: Finished applying transform. Shape (32950, 4)
2021-09-20 19:34:49.074 - INFO - 5552 - azureml.automl.runtime.featurization.data_transformer._apply_transforms:514 - Transform memory estimate: 0 bytes, Current available memory: 17798815744 bytes
2021-09-20 19:34:49.075 - INFO - 5552 - azureml.automl.runtime.featurization.data_transformer._apply_transforms:524 - StringCastTransformer,CountVectorizer: Applying transform.
2021-09-20 19:34:49.178 - INFO - 5552 - azureml.automl.runtime.featurization.data_transformer._apply_transforms:538 - StringCastTransformer,CountVectorizer: Finished applying transform. Shape (32950, 8)
2021-09-20 19:34:49.178 - INFO - 5552 - azureml.automl.runtime.featurization.data_transformer._apply_transforms:514 - Transform memory estimate: 0 bytes, Current available memory: 17798557696 bytes
2021-09-20 19:34:49.179 - INFO - 5552 - azureml.automl.runtime.featurization.data_transformer._apply_transforms:524 - StringCastTransformer,CountVectorizer: Applying transform.
2021-09-20 19:34:49.279 - INFO - 5552 - azureml.automl.runtime.featurization.data_transformer._apply_transforms:538 - StringCastTransformer,CountVectorizer: Finished applying transform. Shape (32950, 3)
2021-09-20 19:34:49.280 - INFO - 5552 - azureml.automl.runtime.featurization.data_transformer._apply_transforms:514 - Transform memory estimate: 0 bytes, Current available memory: 17798524928 bytes
2021-09-20 19:34:49.280 - INFO - 5552 - azureml.automl.runtime.featurization.data_transformer._apply_transforms:524 - StringCastTransformer,CountVectorizer: Applying transform.
2021-09-20 19:34:49.374 - INFO - 5552 - azureml.automl.runtime.featurization.data_transformer._apply_transforms:538 - StringCastTransformer,CountVectorizer: Finished applying transform. Shape (32950, 3)
2021-09-20 19:34:49.374 - INFO - 5552 - azureml.automl.runtime.featurization.data_transformer._apply_transforms:514 - Transform memory estimate: 0 bytes, Current available memory: 17798266880 bytes
2021-09-20 19:34:49.374 - INFO - 5552 - azureml.automl.runtime.featurization.data_transformer._apply_transforms:524 - StringCastTransformer,CountVectorizer: Applying transform.
2021-09-20 19:34:49.486 - INFO - 5552 - azureml.automl.runtime.featurization.data_transformer._apply_transforms:538 - StringCastTransformer,CountVectorizer: Finished applying transform. Shape (32950, 3)
2021-09-20 19:34:49.487 - INFO - 5552 - azureml.automl.runtime.featurization.data_transformer._apply_transforms:514 - Transform memory estimate: 0 bytes, Current available memory: 17798008832 bytes
2021-09-20 19:34:49.487 - INFO - 5552 - azureml.automl.runtime.featurization.data_transformer._apply_transforms:524 - CatImputer,StringCastTransformer,LabelEncoderTransformer: Applying transform.
2021-09-20 19:34:49.510 - INFO - 5552 - azureml.automl.runtime.featurization.data_transformer._apply_transforms:538 - CatImputer,StringCastTransformer,LabelEncoderTransformer: Finished applying transform. Shape (32950, 1)
2021-09-20 19:34:49.511 - INFO - 5552 - azureml.automl.runtime.featurization.data_transformer._apply_transforms:514 - Transform memory estimate: 0 bytes, Current available memory: 17796460544 bytes
2021-09-20 19:34:49.511 - INFO - 5552 - azureml.automl.runtime.featurization.data_transformer._apply_transforms:524 - StringCastTransformer,CountVectorizer: Applying transform.
2021-09-20 19:34:49.607 - INFO - 5552 - azureml.automl.runtime.featurization.data_transformer._apply_transforms:538 - StringCastTransformer,CountVectorizer: Finished applying transform. Shape (32950, 10)
2021-09-20 19:34:49.608 - INFO - 5552 - azureml.automl.runtime.featurization.data_transformer._apply_transforms:514 - Transform memory estimate: 0 bytes, Current available memory: 17796202496 bytes
2021-09-20 19:34:49.608 - INFO - 5552 - azureml.automl.runtime.featurization.data_transformer._apply_transforms:524 - StringCastTransformer,CountVectorizer: Applying transform.
2021-09-20 19:34:49.727 - INFO - 5552 - azureml.automl.runtime.featurization.data_transformer._apply_transforms:538 - StringCastTransformer,CountVectorizer: Finished applying transform. Shape (32950, 5)
2021-09-20 19:34:49.728 - INFO - 5552 - azureml.automl.runtime.featurization.data_transformer._apply_transforms:514 - Transform memory estimate: 0 bytes, Current available memory: 17795162112 bytes
2021-09-20 19:34:49.728 - INFO - 5552 - azureml.automl.runtime.featurization.data_transformer._apply_transforms:524 - StringCastTransformer,CountVectorizer: Applying transform.
2021-09-20 19:34:49.843 - INFO - 5552 - azureml.automl.runtime.featurization.data_transformer._apply_transforms:538 - StringCastTransformer,CountVectorizer: Finished applying transform. Shape (32950, 39)
2021-09-20 19:34:49.844 - INFO - 5552 - azureml.automl.runtime.featurization.data_transformer._apply_transforms:514 - Transform memory estimate: 0 bytes, Current available memory: 17794490368 bytes
2021-09-20 19:34:49.844 - INFO - 5552 - azureml.automl.runtime.featurization.data_transformer._apply_transforms:524 - StringCastTransformer,CountVectorizer: Applying transform.
2021-09-20 19:34:49.953 - INFO - 5552 - azureml.automl.runtime.featurization.data_transformer._apply_transforms:538 - StringCastTransformer,CountVectorizer: Finished applying transform. Shape (32950, 26)
2021-09-20 19:34:49.954 - INFO - 5552 - azureml.automl.runtime.featurization.data_transformer._apply_transforms:514 - Transform memory estimate: 0 bytes, Current available memory: 17793847296 bytes
2021-09-20 19:34:49.954 - INFO - 5552 - azureml.automl.runtime.featurization.data_transformer._apply_transforms:524 - StringCastTransformer,CountVectorizer: Applying transform.
2021-09-20 19:34:50.071 - INFO - 5552 - azureml.automl.runtime.featurization.data_transformer._apply_transforms:538 - StringCastTransformer,CountVectorizer: Finished applying transform. Shape (32950, 8)
2021-09-20 19:34:50.072 - INFO - 5552 - azureml.automl.runtime.featurization.data_transformer._apply_transforms:514 - Transform memory estimate: 0 bytes, Current available memory: 17793847296 bytes
2021-09-20 19:34:50.072 - INFO - 5552 - azureml.automl.runtime.featurization.data_transformer._apply_transforms:524 - StringCastTransformer,CountVectorizer: Applying transform.
2021-09-20 19:34:50.173 - INFO - 5552 - azureml.automl.runtime.featurization.data_transformer._apply_transforms:538 - StringCastTransformer,CountVectorizer: Finished applying transform. Shape (32950, 3)
2021-09-20 19:34:50.173 - INFO - 5552 - azureml.automl.runtime.featurization.data_transformer._apply_transforms:547 - Finished applying transforms
2021-09-20 19:34:50.174 - INFO - 5552 - azureml.automl.runtime.shared.memory_utilities._is_low_memory:208 - Total ram: 29450223616 bytes, Current Available memory: 17793880064 bytes. Low memory threshold: 0.5
